<?xml version="1.0" encoding="UTF-8"?>
<!-- Generated by org.testng.reporters.JUnitXMLReporter -->
<testsuite hostname="Lenovo-G570" ignored="0" name="Test" tests="2" failures="1" timestamp="17 May 2020 15:06:28 GMT" time="49.827" errors="0">
  <testcase name="signIn1" time="30.84" classname="testng.EndtoEnd">
    <failure type="org.openqa.selenium.ElementClickInterceptedException" message="element click intercepted: Element &amp;lt;img class=&amp;quot;product-image wooble&amp;quot; title=&amp;quot;Mysore Sandal TEA ROSE AIR+COFFEE AIR+MOUNTAIN MEADOWS AIR Room Freshener Spray 300 ml Pack of 3&amp;quot; src=&amp;quot;https://n3.sdlcdn.com/imgs/h/6/n/230X258_sharpened/Mysore-Sandal-TEA-ROSE-AIR-SDL111038920-1-19459.jpeg&amp;quot;&amp;gt; is not clickable at point (1155, 487). Other element would receive the click: &amp;lt;span class=&amp;quot;pt-added-text&amp;quot;&amp;gt;...&amp;lt;/span&amp;gt;
  (Session info: chrome=81.0.4044.138)
Build info: version: &amp;apos;3.141.59&amp;apos;, revision: &amp;apos;e82be7d358&amp;apos;, time: &amp;apos;2018-11-14T08:17:03&amp;apos;
System info: host: &amp;apos;LENOVO-G570&amp;apos;, ip: &amp;apos;192.168.42.192&amp;apos;, os.name: &amp;apos;Windows 10&amp;apos;, os.arch: &amp;apos;amd64&amp;apos;, os.version: &amp;apos;10.0&amp;apos;, java.version: &amp;apos;1.8.0_221&amp;apos;
Driver info: org.openqa.selenium.chrome.ChromeDriver
Capabilities {acceptInsecureCerts: false, browserName: chrome, browserVersion: 81.0.4044.138, chrome: {chromedriverVersion: 80.0.3987.106 (f68069574609..., userDataDir: C:\Users\Admin\AppData\Loca...}, goog:chromeOptions: {debuggerAddress: localhost:52889}, javascriptEnabled: true, networkConnectionEnabled: false, pageLoadStrategy: normal, platform: WINDOWS, platformName: WINDOWS, proxy: Proxy(), setWindowRect: true, strictFileInteractability: false, timeouts: {implicit: 0, pageLoad: 300000, script: 30000}, unhandledPromptBehavior: dismiss and notify}
Session ID: 2130bf1925034c05bc5df5168ccbbabe">
      <![CDATA[org.openqa.selenium.ElementClickInterceptedException: element click intercepted: Element <img class="product-image wooble" title="Mysore Sandal TEA ROSE AIR+COFFEE AIR+MOUNTAIN MEADOWS AIR Room Freshener Spray 300 ml Pack of 3" src="https://n3.sdlcdn.com/imgs/h/6/n/230X258_sharpened/Mysore-Sandal-TEA-ROSE-AIR-SDL111038920-1-19459.jpeg"> is not clickable at point (1155, 487). Other element would receive the click: <span class="pt-added-text">...</span>
  (Session info: chrome=81.0.4044.138)
Build info: version: '3.141.59', revision: 'e82be7d358', time: '2018-11-14T08:17:03'
System info: host: 'LENOVO-G570', ip: '192.168.42.192', os.name: 'Windows 10', os.arch: 'amd64', os.version: '10.0', java.version: '1.8.0_221'
Driver info: org.openqa.selenium.chrome.ChromeDriver
Capabilities {acceptInsecureCerts: false, browserName: chrome, browserVersion: 81.0.4044.138, chrome: {chromedriverVersion: 80.0.3987.106 (f68069574609..., userDataDir: C:\Users\Admin\AppData\Loca...}, goog:chromeOptions: {debuggerAddress: localhost:52889}, javascriptEnabled: true, networkConnectionEnabled: false, pageLoadStrategy: normal, platform: WINDOWS, platformName: WINDOWS, proxy: Proxy(), setWindowRect: true, strictFileInteractability: false, timeouts: {implicit: 0, pageLoad: 300000, script: 30000}, unhandledPromptBehavior: dismiss and notify}
Session ID: 2130bf1925034c05bc5df5168ccbbabe
at org.openqa.selenium.remote.http.W3CHttpResponseCodec.createException(W3CHttpResponseCodec.java:187)
at org.openqa.selenium.remote.http.W3CHttpResponseCodec.decode(W3CHttpResponseCodec.java:122)
at org.openqa.selenium.remote.http.W3CHttpResponseCodec.decode(W3CHttpResponseCodec.java:49)
at org.openqa.selenium.remote.HttpCommandExecutor.execute(HttpCommandExecutor.java:158)
at org.openqa.selenium.remote.service.DriverCommandExecutor.execute(DriverCommandExecutor.java:83)
at org.openqa.selenium.remote.RemoteWebDriver.execute(RemoteWebDriver.java:552)
at org.openqa.selenium.remote.RemoteWebElement.execute(RemoteWebElement.java:285)
at org.openqa.selenium.remote.RemoteWebElement.click(RemoteWebElement.java:84)
at org.openqa.selenium.support.pagefactory.internal.LocatingElementHandler.invoke(LocatingElementHandler.java:51)
at com.sun.proxy.$Proxy10.click(Unknown Source)
at com.capgemini.snapdeal.pageobject.Endtoendpayment.getImage(Endtoendpayment.java:124)
at testng.EndtoEnd.signIn1(EndtoEnd.java:49)
... Removed 33 stack frames]]>
    </failure>
  </testcase> <!-- signIn1 -->
  <testcase name="signIn" time="0.0" classname="testng.EndtoEnd">
    <skipped/>
  </testcase> <!-- signIn -->
</testsuite> <!-- Test -->
